[2021-08-11 09:54:35.026087] [INFO] [main_run.py] [run_mian] [28] 当前测试数据为《塞尔维亚语》数据
[2021-08-11 09:54:35.028079] [INFO] [handle_keyboard.py] [key_mapping] [18] 布局：基础布局
[2021-08-11 09:54:41.195576] [ERROR] [handle_keyboard.py] [get_txt] [198] 键盘['-_'] 键映射异常：预期结果' -> 实际结果- 
[2021-08-11 09:54:44.788927] [ERROR] [handle_keyboard.py] [get_txt] [198] 键盘['y'] 键映射异常：预期结果z -> 实际结果y 
[2021-08-11 09:54:54.548521] [ERROR] [handle_keyboard.py] [get_txt] [198] 键盘['z'] 键映射异常：预期结果y -> 实际结果z 
[2021-08-11 09:54:59.174452] [ERROR] [handle_keyboard.py] [get_txt] [198] 键盘['/?'] 键映射异常：预期结果- -> 实际结果' 
[2021-08-11 09:55:01.191505] [INFO] [handle_keyboard.py] [key_mapping] [31] 布局：shift布局
[2021-08-11 09:55:07.366939] [ERROR] [handle_keyboard.py] [get_txt] [198] 键盘['-_'] 键映射异常：预期结果? -> 实际结果_ 
[2021-08-11 09:55:10.964361] [ERROR] [handle_keyboard.py] [get_txt] [198] 键盘['y'] 键映射异常：预期结果Z -> 实际结果Y 
[2021-08-11 09:55:20.720333] [ERROR] [handle_keyboard.py] [get_txt] [198] 键盘['z'] 键映射异常：预期结果Y -> 实际结果Z 
[2021-08-11 09:55:25.339049] [ERROR] [handle_keyboard.py] [get_txt] [198] 键盘['/?'] 键映射异常：预期结果_ -> 实际结果? 
[2021-08-11 09:55:27.360698] [INFO] [handle_keyboard.py] [key_mapping] [46] 布局：capslock布局
[2021-08-11 09:55:33.524066] [ERROR] [handle_keyboard.py] [get_txt] [198] 键盘['-_'] 键映射异常：预期结果' -> 实际结果- 
[2021-08-11 09:55:37.123978] [ERROR] [handle_keyboard.py] [get_txt] [198] 键盘['y'] 键映射异常：预期结果Z -> 实际结果Y 
[2021-08-11 09:55:46.881382] [ERROR] [handle_keyboard.py] [get_txt] [198] 键盘['z'] 键映射异常：预期结果Y -> 实际结果Z 
[2021-08-11 09:55:51.503587] [ERROR] [handle_keyboard.py] [get_txt] [198] 键盘['/?'] 键映射异常：预期结果- -> 实际结果' 
[2021-08-11 09:55:53.529101] [INFO] [handle_keyboard.py] [key_mapping] [68] 布局：右alt布局
[2021-08-11 09:55:59.184941] [ERROR] [handle_keyboard.py] [get_txt] [198] 键盘['-_'] 键映射异常：预期结果¨ -> 实际结果 
[2021-08-11 09:56:00.723827] [ERROR] [handle_keyboard.py] [get_txt] [198] 键盘['w'] 键映射异常：预期结果| -> 实际结果 
[2021-08-11 09:56:01.239735] [ERROR] [handle_keyboard.py] [get_txt] [198] 键盘['e'] 键映射异常：预期结果€ -> 实际结果 
